Arguments: 
  /usr/local/bin/node /Volumes/Vol-Users/pmbeau2/.yarn/bin/yarn.js add express --network-timeout 100000

PATH: 
  /Volumes/Vol-Users/pmbeau2/.yarn/bin:/Volumes/Vol-Users/pmbeau2/.config/yarn/global/node_modules/.bin:/Volumes/Vol-Users/pmbeau2/.yarn/bin:/Volumes/Vol-Users/pmbeau2/.config/yarn/global/node_modules/.bin:/Library/Frameworks/Python.framework/Versions/3.9/bin:/usr/local/bin:/usr/bin:/bin:/usr/sbin:/sbin:/Volumes/ALI_Serveur/DEPLOIEMENT/bin:/Volumes/ALI_Serveur/OUTILS_IGNE/OUTILS_LPA/Scripts_Aerien:/Volumes/ALI_Serveur/OUTILS_IGNE/OUTILS_LPA/ScanPat:/Volumes/ALI_Serveur/OUTILS_IGNE/OUTILS_LPA/Spatio:/Volumes/ALI_Serveur/OUTILS_IGNE/OUTILS_LPA/Spot:/Volumes/ALI_Serveur/OUTILS_IGNE/OUTILS_QTOPO/bin:/Volumes/ALI_Serveur/OUTILS_IGNE/OUTILS_REF3D/Util:/Volumes/ALI_Serveur/OUTILS_IGNE/OUTILS_REF3D/Phase1:/Volumes/ALI_Serveur/OUTILS_IGNE/OUTILS_REF3D/Phase2:/Volumes/ALI_Serveur/OUTILS_IGNE/OUTILS_REF3D/Phase3:/Volumes/ALI_Serveur/OUTILS_IGNE/OUTILS_REF3D/Phase4:/Volumes/ALI_Serveur/OUTILS_IGNE/OUTILS_EIDS/bin:/Volumes/ALI_Serveur/OUTILS_IGNE/OUTILS_LPA/bin:/Applications/ADD_SOFTS/SIG/QGIS.app/Contents/MacOS/bin:/Library/TeX/texbin:/usr/local/munki:/opt/X11/bin:/Volumes/Data/google-cloud-sdk/bin:/usr/local/texlive/2023basic/bin/universal-darwin:/Volumes/Data/google-cloud-sdk/bin:/usr/local/texlive/2023basic/bin/universal-darwin

Yarn version: 
  1.22.19

Node version: 
  18.18.0

Platform: 
  darwin arm64

Trace: 
  Error: https://registry.npmjs.org/express: tunneling socket could not be established, cause=getaddrinfo ENOTFOUND proxy.ign.fr
      at ClientRequest.onError (/Volumes/Vol-Users/pmbeau2/.yarn/lib/cli.js:152376:17)
      at Object.onceWrapper (node:events:632:26)
      at ClientRequest.emit (node:events:517:28)
      at Socket.socketErrorListener (node:_http_client:501:9)
      at Socket.emit (node:events:517:28)
      at emitErrorNT (node:internal/streams/destroy:151:8)
      at emitErrorCloseNT (node:internal/streams/destroy:116:3)
      at process.processTicksAndRejections (node:internal/process/task_queues:82:21)

npm manifest: 
  {
    "name": "web",
    "version": "1.0.0",
    "main": "server.js",
    "license": "MIT"
  }

yarn manifest: 
  No manifest

Lockfile: 
  No lockfile
